\BOOKMARK [0][-]{chapter*.2}{Cel pracy}{}% 1
\BOOKMARK [0][-]{chapter.1}{Wstep}{}% 2
\BOOKMARK [1][-]{section.1.1}{Leptony tau}{chapter.1}% 3
\BOOKMARK [1][-]{section.1.2}{Detektor CMS}{chapter.1}% 4
\BOOKMARK [1][-]{section.1.3}{Sieci neuronowe}{chapter.1}% 5
\BOOKMARK [2][-]{subsection.1.3.1}{Funkcje aktywacji}{section.1.3}% 6
\BOOKMARK [2][-]{subsection.1.3.2}{Warstwa batch normalization}{section.1.3}% 7
\BOOKMARK [2][-]{subsection.1.3.3}{Optymalizacja Adam}{section.1.3}% 8
\BOOKMARK [2][-]{subsection.1.3.4}{TODO: callback}{section.1.3}% 9
\BOOKMARK [2][-]{subsection.1.3.5}{Miary skutecznosci modeli}{section.1.3}% 10
\BOOKMARK [1][-]{section.1.4}{XGBoost}{chapter.1}% 11
\BOOKMARK [0][-]{chapter.2}{Dane eksperymentalne oraz symulacyjne}{}% 12
\BOOKMARK [0][-]{chapter.3}{Metodologia \(architektura?\) TODO}{}% 13
\BOOKMARK [1][-]{section.3.1}{Model oparty o same klasyfikatory}{chapter.3}% 14
\BOOKMARK [1][-]{section.3.2}{Siec neuronowa TODO: zmienic nazwe}{chapter.3}% 15
\BOOKMARK [1][-]{section.3.3}{Poprawiona siec neuronowa TODO: zmienic nazwe}{chapter.3}% 16
\BOOKMARK [1][-]{section.3.4}{XGBoost}{chapter.3}% 17
\BOOKMARK [0][-]{chapter.4}{Wyniki}{}% 18
\BOOKMARK [0][-]{chapter.5}{Dyskusja}{}% 19
\BOOKMARK [0][-]{chapter.6}{Podsumowanie}{}% 20
\BOOKMARK [0][-]{chapter.6}{Bibliografia}{}% 21
